18/02/27 20:20:00 INFO spark.SparkContext: Running Spark version 2.2.0
18/02/27 20:20:01 WARN util.NativeCodeLoader: Unable to load native-hadoop library for your platform... using builtin-java classes where applicable
18/02/27 20:20:01 INFO spark.SparkContext: Submitted application: JavaWordCount
18/02/27 20:20:01 INFO spark.SecurityManager: Changing view acls to: Neil
18/02/27 20:20:01 INFO spark.SecurityManager: Changing modify acls to: Neil
18/02/27 20:20:01 INFO spark.SecurityManager: Changing view acls groups to: 
18/02/27 20:20:01 INFO spark.SecurityManager: Changing modify acls groups to: 
18/02/27 20:20:01 INFO spark.SecurityManager: SecurityManager: authentication disabled; ui acls disabled; users  with view permissions: Set(Neil); groups with view permissions: Set(); users  with modify permissions: Set(Neil); groups with modify permissions: Set()
18/02/27 20:20:01 INFO util.Utils: Successfully started service 'sparkDriver' on port 59490.
18/02/27 20:20:01 INFO spark.SparkEnv: Registering MapOutputTracker
18/02/27 20:20:01 INFO spark.SparkEnv: Registering BlockManagerMaster
18/02/27 20:20:01 INFO storage.BlockManagerMasterEndpoint: Using org.apache.spark.storage.DefaultTopologyMapper for getting topology information
18/02/27 20:20:01 INFO storage.BlockManagerMasterEndpoint: BlockManagerMasterEndpoint up
18/02/27 20:20:01 INFO storage.DiskBlockManager: Created local directory at /private/var/folders/5h/cj2ylv914jd9lvz3kqgjsstw0000gp/T/blockmgr-e8831341-7b3a-4bb8-9cb2-894a495bd613
18/02/27 20:20:02 INFO memory.MemoryStore: MemoryStore started with capacity 366.3 MB
18/02/27 20:20:02 INFO spark.SparkEnv: Registering OutputCommitCoordinator
18/02/27 20:20:02 INFO util.log: Logging initialized @2314ms
18/02/27 20:20:02 INFO server.Server: jetty-9.3.z-SNAPSHOT
18/02/27 20:20:02 INFO server.Server: Started @2407ms
18/02/27 20:20:02 INFO server.AbstractConnector: Started ServerConnector@71e9a896{HTTP/1.1,[http/1.1]}{0.0.0.0:4040}
18/02/27 20:20:02 INFO util.Utils: Successfully started service 'SparkUI' on port 4040.
18/02/27 20:20:02 INFO handler.ContextHandler: Started o.s.j.s.ServletContextHandler@70e0accd{/jobs,null,AVAILABLE,@Spark}
18/02/27 20:20:02 INFO handler.ContextHandler: Started o.s.j.s.ServletContextHandler@65f87a2c{/jobs/json,null,AVAILABLE,@Spark}
18/02/27 20:20:02 INFO handler.ContextHandler: Started o.s.j.s.ServletContextHandler@6ce1f601{/jobs/job,null,AVAILABLE,@Spark}
18/02/27 20:20:02 INFO handler.ContextHandler: Started o.s.j.s.ServletContextHandler@d816dde{/jobs/job/json,null,AVAILABLE,@Spark}
18/02/27 20:20:02 INFO handler.ContextHandler: Started o.s.j.s.ServletContextHandler@6c451c9c{/stages,null,AVAILABLE,@Spark}
18/02/27 20:20:02 INFO handler.ContextHandler: Started o.s.j.s.ServletContextHandler@372b0d86{/stages/json,null,AVAILABLE,@Spark}
18/02/27 20:20:02 INFO handler.ContextHandler: Started o.s.j.s.ServletContextHandler@3113a37{/stages/stage,null,AVAILABLE,@Spark}
18/02/27 20:20:02 INFO handler.ContextHandler: Started o.s.j.s.ServletContextHandler@20312893{/stages/stage/json,null,AVAILABLE,@Spark}
18/02/27 20:20:02 INFO handler.ContextHandler: Started o.s.j.s.ServletContextHandler@c41709a{/stages/pool,null,AVAILABLE,@Spark}
18/02/27 20:20:02 INFO handler.ContextHandler: Started o.s.j.s.ServletContextHandler@54ec8cc9{/stages/pool/json,null,AVAILABLE,@Spark}
18/02/27 20:20:02 INFO handler.ContextHandler: Started o.s.j.s.ServletContextHandler@5528a42c{/storage,null,AVAILABLE,@Spark}
18/02/27 20:20:02 INFO handler.ContextHandler: Started o.s.j.s.ServletContextHandler@1a6f5124{/storage/json,null,AVAILABLE,@Spark}
18/02/27 20:20:02 INFO handler.ContextHandler: Started o.s.j.s.ServletContextHandler@ec2bf82{/storage/rdd,null,AVAILABLE,@Spark}
18/02/27 20:20:02 INFO handler.ContextHandler: Started o.s.j.s.ServletContextHandler@6cc0bcf6{/storage/rdd/json,null,AVAILABLE,@Spark}
18/02/27 20:20:02 INFO handler.ContextHandler: Started o.s.j.s.ServletContextHandler@32f61a31{/environment,null,AVAILABLE,@Spark}
18/02/27 20:20:02 INFO handler.ContextHandler: Started o.s.j.s.ServletContextHandler@669253b7{/environment/json,null,AVAILABLE,@Spark}
18/02/27 20:20:02 INFO handler.ContextHandler: Started o.s.j.s.ServletContextHandler@51a06cbe{/executors,null,AVAILABLE,@Spark}
18/02/27 20:20:02 INFO handler.ContextHandler: Started o.s.j.s.ServletContextHandler@49a64d82{/executors/json,null,AVAILABLE,@Spark}
18/02/27 20:20:02 INFO handler.ContextHandler: Started o.s.j.s.ServletContextHandler@66d23e4a{/executors/threadDump,null,AVAILABLE,@Spark}
18/02/27 20:20:02 INFO handler.ContextHandler: Started o.s.j.s.ServletContextHandler@4d9d1b69{/executors/threadDump/json,null,AVAILABLE,@Spark}
18/02/27 20:20:02 INFO handler.ContextHandler: Started o.s.j.s.ServletContextHandler@251f7d26{/static,null,AVAILABLE,@Spark}
18/02/27 20:20:02 INFO handler.ContextHandler: Started o.s.j.s.ServletContextHandler@37d3d232{/,null,AVAILABLE,@Spark}
18/02/27 20:20:02 INFO handler.ContextHandler: Started o.s.j.s.ServletContextHandler@581d969c{/api,null,AVAILABLE,@Spark}
18/02/27 20:20:02 INFO handler.ContextHandler: Started o.s.j.s.ServletContextHandler@5851bd4f{/jobs/job/kill,null,AVAILABLE,@Spark}
18/02/27 20:20:02 INFO handler.ContextHandler: Started o.s.j.s.ServletContextHandler@2f40a43{/stages/stage/kill,null,AVAILABLE,@Spark}
18/02/27 20:20:02 INFO ui.SparkUI: Bound SparkUI to 0.0.0.0, and started at http://192.168.1.229:4040
18/02/27 20:20:02 INFO spark.SparkContext: Added JAR file:/Users/Neil/Desktop/hadoop/spark-2.2.0-bin-hadoop2.7/examples/jars/scopt_2.11-3.3.0.jar at spark://192.168.1.229:59490/jars/scopt_2.11-3.3.0.jar with timestamp 1519788002380
18/02/27 20:20:02 INFO spark.SparkContext: Added JAR file:/Users/Neil/Desktop/hadoop/spark-2.2.0-bin-hadoop2.7/examples/jars/spark-examples_2.11-2.2.0.jar at spark://192.168.1.229:59490/jars/spark-examples_2.11-2.2.0.jar with timestamp 1519788002381
18/02/27 20:20:02 INFO executor.Executor: Starting executor ID driver on host localhost
18/02/27 20:20:02 INFO util.Utils: Successfully started service 'org.apache.spark.network.netty.NettyBlockTransferService' on port 59491.
18/02/27 20:20:02 INFO netty.NettyBlockTransferService: Server created on 192.168.1.229:59491
18/02/27 20:20:02 INFO storage.BlockManager: Using org.apache.spark.storage.RandomBlockReplicationPolicy for block replication policy
18/02/27 20:20:02 INFO storage.BlockManagerMaster: Registering BlockManager BlockManagerId(driver, 192.168.1.229, 59491, None)
18/02/27 20:20:02 INFO storage.BlockManagerMasterEndpoint: Registering block manager 192.168.1.229:59491 with 366.3 MB RAM, BlockManagerId(driver, 192.168.1.229, 59491, None)
18/02/27 20:20:02 INFO storage.BlockManagerMaster: Registered BlockManager BlockManagerId(driver, 192.168.1.229, 59491, None)
18/02/27 20:20:02 INFO storage.BlockManager: Initialized BlockManager: BlockManagerId(driver, 192.168.1.229, 59491, None)
18/02/27 20:20:02 INFO handler.ContextHandler: Started o.s.j.s.ServletContextHandler@710d7aff{/metrics/json,null,AVAILABLE,@Spark}
18/02/27 20:20:02 INFO internal.SharedState: Setting hive.metastore.warehouse.dir ('null') to the value of spark.sql.warehouse.dir ('file:/Users/Neil/Desktop/hadoop/spark-warehouse/').
18/02/27 20:20:02 INFO internal.SharedState: Warehouse path is 'file:/Users/Neil/Desktop/hadoop/spark-warehouse/'.
18/02/27 20:20:02 INFO handler.ContextHandler: Started o.s.j.s.ServletContextHandler@16c3ca31{/SQL,null,AVAILABLE,@Spark}
18/02/27 20:20:02 INFO handler.ContextHandler: Started o.s.j.s.ServletContextHandler@2d6aca33{/SQL/json,null,AVAILABLE,@Spark}
18/02/27 20:20:02 INFO handler.ContextHandler: Started o.s.j.s.ServletContextHandler@48ea2003{/SQL/execution,null,AVAILABLE,@Spark}
18/02/27 20:20:02 INFO handler.ContextHandler: Started o.s.j.s.ServletContextHandler@63e5e5b4{/SQL/execution/json,null,AVAILABLE,@Spark}
18/02/27 20:20:02 INFO handler.ContextHandler: Started o.s.j.s.ServletContextHandler@5972d253{/static/sql,null,AVAILABLE,@Spark}
18/02/27 20:20:03 INFO state.StateStoreCoordinatorRef: Registered StateStoreCoordinator endpoint
18/02/27 20:20:06 INFO datasources.FileSourceStrategy: Pruning directories with: 
18/02/27 20:20:06 INFO datasources.FileSourceStrategy: Post-Scan Filters: 
18/02/27 20:20:06 INFO datasources.FileSourceStrategy: Output Data Schema: struct<value: string>
18/02/27 20:20:06 INFO execution.FileSourceScanExec: Pushed Filters: 
18/02/27 20:20:06 INFO codegen.CodeGenerator: Code generated in 193.61168 ms
18/02/27 20:20:07 INFO memory.MemoryStore: Block broadcast_0 stored as values in memory (estimated size 278.1 KB, free 366.0 MB)
18/02/27 20:20:07 INFO memory.MemoryStore: Block broadcast_0_piece0 stored as bytes in memory (estimated size 23.6 KB, free 366.0 MB)
18/02/27 20:20:07 INFO storage.BlockManagerInfo: Added broadcast_0_piece0 in memory on 192.168.1.229:59491 (size: 23.6 KB, free: 366.3 MB)
18/02/27 20:20:07 INFO spark.SparkContext: Created broadcast 0 from javaRDD at JavaWordCount.java:45
18/02/27 20:20:07 INFO execution.FileSourceScanExec: Planning scan with bin packing, max size: 4194304 bytes, open cost is considered as scanning 4194304 bytes.
18/02/27 20:20:07 INFO spark.SparkContext: Starting job: collect at JavaWordCount.java:53
18/02/27 20:20:07 INFO scheduler.DAGScheduler: Registering RDD 5 (mapToPair at JavaWordCount.java:49)
18/02/27 20:20:07 INFO scheduler.DAGScheduler: Got job 0 (collect at JavaWordCount.java:53) with 1 output partitions
18/02/27 20:20:07 INFO scheduler.DAGScheduler: Final stage: ResultStage 1 (collect at JavaWordCount.java:53)
18/02/27 20:20:07 INFO scheduler.DAGScheduler: Parents of final stage: List(ShuffleMapStage 0)
18/02/27 20:20:07 INFO scheduler.DAGScheduler: Missing parents: List(ShuffleMapStage 0)
18/02/27 20:20:07 INFO scheduler.DAGScheduler: Submitting ShuffleMapStage 0 (MapPartitionsRDD[5] at mapToPair at JavaWordCount.java:49), which has no missing parents
18/02/27 20:20:07 INFO memory.MemoryStore: Block broadcast_1 stored as values in memory (estimated size 12.5 KB, free 366.0 MB)
18/02/27 20:20:07 INFO memory.MemoryStore: Block broadcast_1_piece0 stored as bytes in memory (estimated size 6.5 KB, free 366.0 MB)
18/02/27 20:20:07 INFO storage.BlockManagerInfo: Added broadcast_1_piece0 in memory on 192.168.1.229:59491 (size: 6.5 KB, free: 366.3 MB)
18/02/27 20:20:07 INFO spark.SparkContext: Created broadcast 1 from broadcast at DAGScheduler.scala:1006
18/02/27 20:20:07 INFO scheduler.DAGScheduler: Submitting 1 missing tasks from ShuffleMapStage 0 (MapPartitionsRDD[5] at mapToPair at JavaWordCount.java:49) (first 15 tasks are for partitions Vector(0))
18/02/27 20:20:07 INFO scheduler.TaskSchedulerImpl: Adding task set 0.0 with 1 tasks
18/02/27 20:20:07 INFO scheduler.TaskSetManager: Starting task 0.0 in stage 0.0 (TID 0, localhost, executor driver, partition 0, ANY, 5275 bytes)
18/02/27 20:20:07 INFO executor.Executor: Running task 0.0 in stage 0.0 (TID 0)
18/02/27 20:20:07 INFO executor.Executor: Fetching spark://192.168.1.229:59490/jars/scopt_2.11-3.3.0.jar with timestamp 1519788002380
18/02/27 20:20:07 INFO client.TransportClientFactory: Successfully created connection to /192.168.1.229:59490 after 30 ms (0 ms spent in bootstraps)
18/02/27 20:20:07 INFO util.Utils: Fetching spark://192.168.1.229:59490/jars/scopt_2.11-3.3.0.jar to /private/var/folders/5h/cj2ylv914jd9lvz3kqgjsstw0000gp/T/spark-998e7ce5-2d00-4132-bdc7-d0d53f92fadc/userFiles-6e9a6742-5bba-42fa-8499-33fece313ad1/fetchFileTemp4737647385363967733.tmp
18/02/27 20:20:07 INFO executor.Executor: Adding file:/private/var/folders/5h/cj2ylv914jd9lvz3kqgjsstw0000gp/T/spark-998e7ce5-2d00-4132-bdc7-d0d53f92fadc/userFiles-6e9a6742-5bba-42fa-8499-33fece313ad1/scopt_2.11-3.3.0.jar to class loader
18/02/27 20:20:07 INFO executor.Executor: Fetching spark://192.168.1.229:59490/jars/spark-examples_2.11-2.2.0.jar with timestamp 1519788002381
18/02/27 20:20:07 INFO util.Utils: Fetching spark://192.168.1.229:59490/jars/spark-examples_2.11-2.2.0.jar to /private/var/folders/5h/cj2ylv914jd9lvz3kqgjsstw0000gp/T/spark-998e7ce5-2d00-4132-bdc7-d0d53f92fadc/userFiles-6e9a6742-5bba-42fa-8499-33fece313ad1/fetchFileTemp8835343182284954456.tmp
18/02/27 20:20:07 INFO executor.Executor: Adding file:/private/var/folders/5h/cj2ylv914jd9lvz3kqgjsstw0000gp/T/spark-998e7ce5-2d00-4132-bdc7-d0d53f92fadc/userFiles-6e9a6742-5bba-42fa-8499-33fece313ad1/spark-examples_2.11-2.2.0.jar to class loader
18/02/27 20:20:07 INFO codegen.CodeGenerator: Code generated in 15.926339 ms
18/02/27 20:20:07 INFO datasources.FileScanRDD: Reading File path: hdfs://localhost:9000/user/Neil/urls_hashtags.txt, range: 0-2232635, partition values: [empty row]
18/02/27 20:20:07 INFO codegen.CodeGenerator: Code generated in 11.312568 ms
18/02/27 20:20:08 INFO executor.Executor: Finished task 0.0 in stage 0.0 (TID 0). 1754 bytes result sent to driver
18/02/27 20:20:08 INFO scheduler.TaskSetManager: Finished task 0.0 in stage 0.0 (TID 0) in 1322 ms on localhost (executor driver) (1/1)
18/02/27 20:20:08 INFO scheduler.TaskSchedulerImpl: Removed TaskSet 0.0, whose tasks have all completed, from pool 
18/02/27 20:20:08 INFO scheduler.DAGScheduler: ShuffleMapStage 0 (mapToPair at JavaWordCount.java:49) finished in 1.365 s
18/02/27 20:20:08 INFO scheduler.DAGScheduler: looking for newly runnable stages
18/02/27 20:20:08 INFO scheduler.DAGScheduler: running: Set()
18/02/27 20:20:08 INFO scheduler.DAGScheduler: waiting: Set(ResultStage 1)
18/02/27 20:20:08 INFO scheduler.DAGScheduler: failed: Set()
18/02/27 20:20:08 INFO scheduler.DAGScheduler: Submitting ResultStage 1 (ShuffledRDD[6] at reduceByKey at JavaWordCount.java:51), which has no missing parents
18/02/27 20:20:08 INFO memory.MemoryStore: Block broadcast_2 stored as values in memory (estimated size 3.7 KB, free 366.0 MB)
18/02/27 20:20:08 INFO memory.MemoryStore: Block broadcast_2_piece0 stored as bytes in memory (estimated size 2.1 KB, free 366.0 MB)
18/02/27 20:20:08 INFO storage.BlockManagerInfo: Added broadcast_2_piece0 in memory on 192.168.1.229:59491 (size: 2.1 KB, free: 366.3 MB)
18/02/27 20:20:08 INFO spark.SparkContext: Created broadcast 2 from broadcast at DAGScheduler.scala:1006
18/02/27 20:20:08 INFO scheduler.DAGScheduler: Submitting 1 missing tasks from ResultStage 1 (ShuffledRDD[6] at reduceByKey at JavaWordCount.java:51) (first 15 tasks are for partitions Vector(0))
18/02/27 20:20:08 INFO scheduler.TaskSchedulerImpl: Adding task set 1.0 with 1 tasks
18/02/27 20:20:08 INFO scheduler.TaskSetManager: Starting task 0.0 in stage 1.0 (TID 1, localhost, executor driver, partition 0, ANY, 4621 bytes)
18/02/27 20:20:08 INFO executor.Executor: Running task 0.0 in stage 1.0 (TID 1)
18/02/27 20:20:08 INFO storage.ShuffleBlockFetcherIterator: Getting 1 non-empty blocks out of 1 blocks
18/02/27 20:20:08 INFO storage.ShuffleBlockFetcherIterator: Started 0 remote fetches in 7 ms
18/02/27 20:20:09 INFO storage.BlockManagerInfo: Removed broadcast_1_piece0 on 192.168.1.229:59491 in memory (size: 6.5 KB, free: 366.3 MB)
18/02/27 20:20:09 INFO memory.MemoryStore: Block taskresult_1 stored as bytes in memory (estimated size 1114.1 KB, free 364.9 MB)
18/02/27 20:20:09 INFO storage.BlockManagerInfo: Added taskresult_1 in memory on 192.168.1.229:59491 (size: 1114.1 KB, free: 365.2 MB)
18/02/27 20:20:09 INFO executor.Executor: Finished task 0.0 in stage 1.0 (TID 1). 1140843 bytes result sent via BlockManager)
18/02/27 20:20:09 INFO client.TransportClientFactory: Successfully created connection to /192.168.1.229:59491 after 2 ms (0 ms spent in bootstraps)
18/02/27 20:20:09 INFO scheduler.TaskSetManager: Finished task 0.0 in stage 1.0 (TID 1) in 411 ms on localhost (executor driver) (1/1)
18/02/27 20:20:09 INFO scheduler.TaskSchedulerImpl: Removed TaskSet 1.0, whose tasks have all completed, from pool 
18/02/27 20:20:09 INFO scheduler.DAGScheduler: ResultStage 1 (collect at JavaWordCount.java:53) finished in 0.412 s
18/02/27 20:20:09 INFO storage.BlockManagerInfo: Removed taskresult_1 on 192.168.1.229:59491 in memory (size: 1114.1 KB, free: 366.3 MB)
18/02/27 20:20:09 INFO scheduler.DAGScheduler: Job 0 finished: collect at JavaWordCount.java:53, took 1.988993 s
18/02/27 20:20:09 INFO server.AbstractConnector: Stopped Spark@71e9a896{HTTP/1.1,[http/1.1]}{0.0.0.0:4040}
18/02/27 20:20:09 INFO ui.SparkUI: Stopped Spark web UI at http://192.168.1.229:4040
18/02/27 20:20:09 INFO spark.MapOutputTrackerMasterEndpoint: MapOutputTrackerMasterEndpoint stopped!
18/02/27 20:20:09 INFO memory.MemoryStore: MemoryStore cleared
18/02/27 20:20:09 INFO storage.BlockManager: BlockManager stopped
18/02/27 20:20:09 INFO storage.BlockManagerMaster: BlockManagerMaster stopped
18/02/27 20:20:09 INFO scheduler.OutputCommitCoordinator$OutputCommitCoordinatorEndpoint: OutputCommitCoordinator stopped!
18/02/27 20:20:09 INFO spark.SparkContext: Successfully stopped SparkContext
18/02/27 20:20:09 INFO util.ShutdownHookManager: Shutdown hook called
18/02/27 20:20:09 INFO util.ShutdownHookManager: Deleting directory /private/var/folders/5h/cj2ylv914jd9lvz3kqgjsstw0000gp/T/spark-998e7ce5-2d00-4132-bdc7-d0d53f92fadc
